<?xml version="1.0" encoding="UTF-8"?>
<!-- Generated by org.testng.reporters.JUnitReportReporter -->
<testsuite hostname="DESKTOP-3E2GHNK" failures="0" tests="1" name="scripts.Testcase2" time="35.474" errors="0" timestamp="2022-10-28T09:22:39 IST" skipped="0">
  <testcase classname="scripts.Testcase2" name="tcc2" time="35.474"/>
  <system-out/>
</testsuite> <!-- scripts.Testcase2 -->
