<?xml version="1.0" encoding="UTF-8"?>
<!-- Generated by org.testng.reporters.JUnitReportReporter -->
<testsuite hostname="DESKTOP-3E2GHNK" failures="0" tests="1" name="scripts.Testcase1" time="18.641" errors="0" timestamp="2022-10-28T09:21:31 IST" skipped="0">
  <testcase classname="scripts.Testcase1" name="tc1" time="18.641"/>
  <system-out/>
</testsuite> <!-- scripts.Testcase1 -->
